Using pre-set license
Built from '2020.3/staging' branch; Version is '2020.3.25f1 (9b9180224418) revision 10195328'; Using compiler version '192528614'; Build Type 'Release'
OS: 'Windows 10  (10.0.19043) 64bit Professional' Language: 'it' Physical Memory: 8130 MB
BatchMode: 1, IsHumanControllingUs: 0, StartBugReporterOnCrash: 0, Is64bit: 1, IsPro: 0

COMMAND LINE ARGUMENTS:
C:\Program Files\Unity\Hub\Editor\2020.3.25f1\Editor\Unity.exe
-adb2
-batchMode
-noUpm
-name
AssetImportWorker0
-projectPath
C:/Users/Fabiano/Documents/GameDev/Unity/Progetti Unity/Create with Code/Programming-Theory-Repo/Programming Theory Project
-logFile
Logs/AssetImportWorker0.log
-srvPort
61649
Successfully changed project path to: C:/Users/Fabiano/Documents/GameDev/Unity/Progetti Unity/Create with Code/Programming-Theory-Repo/Programming Theory Project
C:/Users/Fabiano/Documents/GameDev/Unity/Progetti Unity/Create with Code/Programming-Theory-Repo/Programming Theory Project
Using Asset Import Pipeline V2.
Refreshing native plugins compatible for Editor in 44.66 ms, found 2 plugins.
Preloading 0 native plugins for Editor in 0.00 ms.
Initialize engine version: 2020.3.25f1 (9b9180224418)
[Subsystems] Discovering subsystems at path C:/Program Files/Unity/Hub/Editor/2020.3.25f1/Editor/Data/Resources/UnitySubsystems
[Subsystems] Discovering subsystems at path C:/Users/Fabiano/Documents/GameDev/Unity/Progetti Unity/Create with Code/Programming-Theory-Repo/Programming Theory Project/Assets
GfxDevice: creating device client; threaded=0
Direct3D:
    Version:  Direct3D 11.0 [level 11.1]
    Renderer: AMD Radeon R7 200 Series (ID=0x6658)
    Vendor:   
    VRAM:     2024 MB
    Driver:   24.20.13017.1009
Initialize mono
Mono path[0] = 'C:/Program Files/Unity/Hub/Editor/2020.3.25f1/Editor/Data/Managed'
Mono path[1] = 'C:/Program Files/Unity/Hub/Editor/2020.3.25f1/Editor/Data/MonoBleedingEdge/lib/mono/unityjit'
Mono config path = 'C:/Program Files/Unity/Hub/Editor/2020.3.25f1/Editor/Data/MonoBleedingEdge/etc'
Using monoOptions --debugger-agent=transport=dt_socket,embedding=1,server=y,suspend=n,address=127.0.0.1:56476
Begin MonoManager ReloadAssembly
Registering precompiled unity dll's ...
Register platform support module: C:/Program Files/Unity/Hub/Editor/2020.3.25f1/Editor/Data/PlaybackEngines/WebGLSupport/UnityEditor.WebGL.Extensions.dll
Register platform support module: C:/Program Files/Unity/Hub/Editor/2020.3.25f1/Editor/Data/PlaybackEngines/WindowsStandaloneSupport/UnityEditor.WindowsStandalone.Extensions.dll
Registered in 0.003046 seconds.
Native extension for WindowsStandalone target not found
Native extension for WebGL target not found
Refreshing native plugins compatible for Editor in 40.82 ms, found 2 plugins.
Preloading 0 native plugins for Editor in 0.00 ms.
Mono: successfully reloaded assembly
- Completed reload, in  0.731 seconds
Domain Reload Profiling:
	ReloadAssembly (731ms)
		BeginReloadAssembly (70ms)
			ExecutionOrderSort (0ms)
			DisableScriptedObjects (0ms)
			BackupInstance (0ms)
			ReleaseScriptingObjects (0ms)
			CreateAndSetChildDomain (1ms)
		EndReloadAssembly (566ms)
			LoadAssemblies (67ms)
			RebuildTransferFunctionScriptingTraits (0ms)
			SetupTypeCache (196ms)
			ReleaseScriptCaches (0ms)
			RebuildScriptCaches (40ms)
			SetupLoadedEditorAssemblies (203ms)
				LogAssemblyErrors (0ms)
				InitializePlatformSupportModulesInManaged (6ms)
				SetLoadedEditorAssemblies (1ms)
				RefreshPlugins (41ms)
				BeforeProcessingInitializeOnLoad (20ms)
				ProcessInitializeOnLoadAttributes (102ms)
				ProcessInitializeOnLoadMethodAttributes (34ms)
				AfterProcessingInitializeOnLoad (0ms)
				EditorAssembliesLoaded (0ms)
			ExecutionOrderSort2 (0ms)
			AwakeInstancesAfterBackupRestoration (0ms)
Platform modules already initialized, skipping
Registering precompiled user dll's ...
Registered in 0.005682 seconds.
Begin MonoManager ReloadAssembly
Native extension for WindowsStandalone target not found
Native extension for WebGL target not found
Refreshing native plugins compatible for Editor in 0.42 ms, found 2 plugins.
Preloading 0 native plugins for Editor in 0.00 ms.
Mono: successfully reloaded assembly
- Completed reload, in  1.311 seconds
Domain Reload Profiling:
	ReloadAssembly (1312ms)
		BeginReloadAssembly (196ms)
			ExecutionOrderSort (0ms)
			DisableScriptedObjects (6ms)
			BackupInstance (0ms)
			ReleaseScriptingObjects (0ms)
			CreateAndSetChildDomain (21ms)
		EndReloadAssembly (1032ms)
			LoadAssemblies (130ms)
			RebuildTransferFunctionScriptingTraits (0ms)
			SetupTypeCache (360ms)
			ReleaseScriptCaches (0ms)
			RebuildScriptCaches (56ms)
			SetupLoadedEditorAssemblies (380ms)
				LogAssemblyErrors (0ms)
				InitializePlatformSupportModulesInManaged (7ms)
				SetLoadedEditorAssemblies (1ms)
				RefreshPlugins (1ms)
				BeforeProcessingInitializeOnLoad (103ms)
				ProcessInitializeOnLoadAttributes (251ms)
				ProcessInitializeOnLoadMethodAttributes (10ms)
				AfterProcessingInitializeOnLoad (8ms)
				EditorAssembliesLoaded (0ms)
			ExecutionOrderSort2 (0ms)
			AwakeInstancesAfterBackupRestoration (8ms)
Platform modules already initialized, skipping
========================================================================
Worker process is ready to serve import requests
Launched and connected shader compiler UnityShaderCompiler.exe after 0.08 seconds
Refreshing native plugins compatible for Editor in 0.47 ms, found 2 plugins.
Preloading 0 native plugins for Editor in 0.00 ms.
Unloading 1523 Unused Serialized files (Serialized files now loaded: 0)
System memory in use before: 72.3 MB.
System memory in use after: 72.4 MB.

Unloading 19 unused Assets to reduce memory usage. Loaded Objects now: 1961.
Total: 3.018600 ms (FindLiveObjects: 0.141000 ms CreateObjectMapping: 0.069300 ms MarkObjects: 2.717900 ms  DeleteObjects: 0.089300 ms)

AssetImportParameters requested are different than current active one (requested -> active):
  custom:framework-win-MediaFoundation: 216162199b28c13a410421893ffa2e32 -> 
  custom:video-decoder-ogg-theora: a1e56fd34408186e4bbccfd4996cb3dc -> 
  custom:container-muxer-webm: aa71ff27fc2769a1b78a27578f13a17b -> 
  custom:container-demuxer-webm: 4f35f7cbe854078d1ac9338744f61a02 -> 
  custom:container-demuxer-ogg: 62fdf1f143b41e24485cea50d1cbac27 -> 
  custom:video-encoder-webm-vp8: eb34c28f22e8b96e1ab97ce403110664 -> 
  custom:video-decoder-webm-vp8: 9c59270c3fd7afecdb556c50c9e8de78 -> 
  custom:audio-decoder-ogg-vorbis: bf7c407c2cedff20999df2af8eb42d56 -> 
  custom:audio-encoder-webm-vorbis: bf7c407c2cedff20999df2af8eb42d56 -> 
========================================================================
Received Import Request.
  path: Assets/Simple Foods/Mesh Form/WholeBirdRaw.fbx
  artifactKey: Guid(903b7910f2cde4c96b452f0008927d45) Importer(815301076,1909f56bfc062723c751e8b465ee728b)
Start importing Assets/Simple Foods/Mesh Form/WholeBirdRaw.fbx using Guid(903b7910f2cde4c96b452f0008927d45) Importer(815301076,1909f56bfc062723c751e8b465ee728b)  -> (artifact id: '2e5be979fb3a9c34bcfce3fc69670d33') in 0.369669 seconds 
  Import took 0.373377 seconds .

========================================================================
Received Import Request.
  Time since last request: 0.000282 seconds.
  path: Assets/TextMesh Pro/Resources/Fonts & Materials/LiberationSans SDF - Fallback.asset
  artifactKey: Guid(2e498d1c8094910479dc3e1b768306a4) Importer(815301076,1909f56bfc062723c751e8b465ee728b)
Start importing Assets/TextMesh Pro/Resources/Fonts & Materials/LiberationSans SDF - Fallback.asset using Guid(2e498d1c8094910479dc3e1b768306a4) Importer(815301076,1909f56bfc062723c751e8b465ee728b)  -> (artifact id: 'b8c2210586957436df79bf961aeff06e') in 0.094386 seconds 
  Import took 0.097298 seconds .

========================================================================
Received Import Request.
  Time since last request: 0.000264 seconds.
  path: Assets/Simple Foods/Mesh Form/Sausage.fbx
  artifactKey: Guid(658b0128092f1409d9072bc0ed8c27b6) Importer(815301076,1909f56bfc062723c751e8b465ee728b)
Start importing Assets/Simple Foods/Mesh Form/Sausage.fbx using Guid(658b0128092f1409d9072bc0ed8c27b6) Importer(815301076,1909f56bfc062723c751e8b465ee728b)  -> (artifact id: 'ade35bdede20c2488b25b59a681e5442') in 0.030464 seconds 
  Import took 0.033514 seconds .

========================================================================
Received Import Request.
  Time since last request: 0.000266 seconds.
  path: Assets/TextMesh Pro/Fonts/LiberationSans.ttf
  artifactKey: Guid(e3265ab4bf004d28a9537516768c1c75) Importer(815301076,1909f56bfc062723c751e8b465ee728b)
Start importing Assets/TextMesh Pro/Fonts/LiberationSans.ttf using Guid(e3265ab4bf004d28a9537516768c1c75) Importer(815301076,1909f56bfc062723c751e8b465ee728b)  -> (artifact id: 'bdddd331c3f1b7826858a8d92db67e39') in 0.027841 seconds 
  Import took 0.031036 seconds .

========================================================================
Received Import Request.
  Time since last request: 0.000304 seconds.
  path: Assets/Simple Foods/Mesh Form/AppleGreen.fbx
  artifactKey: Guid(5a88dc76af9764841b2a2e75a65a1ff8) Importer(815301076,1909f56bfc062723c751e8b465ee728b)
Start importing Assets/Simple Foods/Mesh Form/AppleGreen.fbx using Guid(5a88dc76af9764841b2a2e75a65a1ff8) Importer(815301076,1909f56bfc062723c751e8b465ee728b)  -> (artifact id: '6a004418e7624ecf1ed4fc1b7e7f7279') in 0.043898 seconds 
  Import took 0.047047 seconds .

========================================================================
Received Import Request.
  Time since last request: 0.000337 seconds.
  path: Assets/Simple Foods/Mesh Form/BreadRoll.fbx
  artifactKey: Guid(a6ff5cebfd92340daabb2abca106d67a) Importer(815301076,1909f56bfc062723c751e8b465ee728b)
Start importing Assets/Simple Foods/Mesh Form/BreadRoll.fbx using Guid(a6ff5cebfd92340daabb2abca106d67a) Importer(815301076,1909f56bfc062723c751e8b465ee728b)  -> (artifact id: '3738c6ae1f17f9bd8d1be47d6c339826') in 0.048901 seconds 
  Import took 0.052541 seconds .

========================================================================
Received Import Request.
  Time since last request: 0.000249 seconds.
  path: Assets/TextMesh Pro/Resources/Fonts & Materials/LiberationSans SDF.asset
  artifactKey: Guid(8f586378b4e144a9851e7b34d9b748ee) Importer(815301076,1909f56bfc062723c751e8b465ee728b)
Start importing Assets/TextMesh Pro/Resources/Fonts & Materials/LiberationSans SDF.asset using Guid(8f586378b4e144a9851e7b34d9b748ee) Importer(815301076,1909f56bfc062723c751e8b465ee728b)  -> (artifact id: 'f1280cc7be10b532b2897fc8654f95d3') in 0.057094 seconds 
  Import took 0.060223 seconds .

========================================================================
Received Import Request.
  Time since last request: 0.000270 seconds.
  path: Assets/Simple Foods/Mesh Form/AppleRed.fbx
  artifactKey: Guid(1c046e1d4fe2b417cb7850e6e5426e75) Importer(815301076,1909f56bfc062723c751e8b465ee728b)
Start importing Assets/Simple Foods/Mesh Form/AppleRed.fbx using Guid(1c046e1d4fe2b417cb7850e6e5426e75) Importer(815301076,1909f56bfc062723c751e8b465ee728b)  -> (artifact id: 'ba033ce06692039d4b0e0a7d35e0b130') in 0.045867 seconds 
  Import took 0.050121 seconds .

========================================================================
Received Import Request.
  Time since last request: 0.000229 seconds.
  path: Assets/Simple Foods/Mesh Form/BreadSlice.fbx
  artifactKey: Guid(24e3a849c78e94ad2ac5c461ef248d15) Importer(815301076,1909f56bfc062723c751e8b465ee728b)
Start importing Assets/Simple Foods/Mesh Form/BreadSlice.fbx using Guid(24e3a849c78e94ad2ac5c461ef248d15) Importer(815301076,1909f56bfc062723c751e8b465ee728b)  -> (artifact id: '13e9c31b06b006548d83f1d85fd9026c') in 0.070321 seconds 
  Import took 0.073339 seconds .

========================================================================
Received Import Request.
  Time since last request: 0.000251 seconds.
  path: Assets/Simple Foods/Mesh Form/CheeseSlice.fbx
  artifactKey: Guid(c696fe80cb0a044d2b5f0b4822969f11) Importer(815301076,1909f56bfc062723c751e8b465ee728b)
Start importing Assets/Simple Foods/Mesh Form/CheeseSlice.fbx using Guid(c696fe80cb0a044d2b5f0b4822969f11) Importer(815301076,1909f56bfc062723c751e8b465ee728b)  -> (artifact id: '78e592e68df7ea812731b2a2c8d41ee4') in 0.084809 seconds 
  Import took 0.088111 seconds .

========================================================================
Received Import Request.
  Time since last request: 0.000268 seconds.
  path: Assets/Simple Foods/Mesh Form/Carrot.fbx
  artifactKey: Guid(60cdb6d3b264a4649a5e20e4d1397f6b) Importer(815301076,1909f56bfc062723c751e8b465ee728b)
Start importing Assets/Simple Foods/Mesh Form/Carrot.fbx using Guid(60cdb6d3b264a4649a5e20e4d1397f6b) Importer(815301076,1909f56bfc062723c751e8b465ee728b)  -> (artifact id: 'd56ba47b0242072ce0b3d2f1c2105ad2') in 0.114361 seconds 
  Import took 0.117616 seconds .

========================================================================
Received Import Request.
  Time since last request: 0.000283 seconds.
  path: Assets/Simple Foods/Mesh Form/Steak.fbx
  artifactKey: Guid(faf87b1f2fcc34766b1fa381687bbf49) Importer(815301076,1909f56bfc062723c751e8b465ee728b)
Start importing Assets/Simple Foods/Mesh Form/Steak.fbx using Guid(faf87b1f2fcc34766b1fa381687bbf49) Importer(815301076,1909f56bfc062723c751e8b465ee728b)  -> (artifact id: '0b73606136b4baa3d8dcf88d56c6b369') in 0.051653 seconds 
  Import took 0.055102 seconds .

========================================================================
Received Import Request.
  Time since last request: 0.000238 seconds.
  path: Assets/Simple Foods/Mesh Form/FishFilletCooked.fbx
  artifactKey: Guid(ed1d5375668b549b5ab795c790d6d408) Importer(815301076,1909f56bfc062723c751e8b465ee728b)
Start importing Assets/Simple Foods/Mesh Form/FishFilletCooked.fbx using Guid(ed1d5375668b549b5ab795c790d6d408) Importer(815301076,1909f56bfc062723c751e8b465ee728b)  -> (artifact id: '087d6e24d888bfe07b4ff3d8d0bba6b6') in 0.044925 seconds 
  Import took 0.048157 seconds .

========================================================================
Received Import Request.
  Time since last request: 0.000239 seconds.
  path: Assets/Simple Foods/Mesh Form/BreadLoaf.fbx
  artifactKey: Guid(cb10480ce1a40437796a4a0eb8d0d498) Importer(815301076,1909f56bfc062723c751e8b465ee728b)
Start importing Assets/Simple Foods/Mesh Form/BreadLoaf.fbx using Guid(cb10480ce1a40437796a4a0eb8d0d498) Importer(815301076,1909f56bfc062723c751e8b465ee728b)  -> (artifact id: '23f6885b24d74a48e68b0bb508f20c86') in 0.044788 seconds 
  Import took 0.047693 seconds .

========================================================================
Received Import Request.
  Time since last request: 0.000212 seconds.
  path: Assets/Simple Foods/Mesh Form/FishFillet.fbx
  artifactKey: Guid(027a8a1503b22442ea5ec6eb63ff901f) Importer(815301076,1909f56bfc062723c751e8b465ee728b)
Start importing Assets/Simple Foods/Mesh Form/FishFillet.fbx using Guid(027a8a1503b22442ea5ec6eb63ff901f) Importer(815301076,1909f56bfc062723c751e8b465ee728b)  -> (artifact id: 'cd020ea10bcb2f627226968786418a83') in 0.047121 seconds 
  Import took 0.050243 seconds .

========================================================================
Received Import Request.
  Time since last request: 19.378925 seconds.
  path: Assets/TMI - Kitchen/Test Scene.unity
  artifactKey: Guid(2e15a2b9b12f4e0408a3dfa62aa13ad0) Importer(815301076,1909f56bfc062723c751e8b465ee728b)
Start importing Assets/TMI - Kitchen/Test Scene.unity using Guid(2e15a2b9b12f4e0408a3dfa62aa13ad0) Importer(815301076,1909f56bfc062723c751e8b465ee728b)  -> (artifact id: '92d3ae067e568c5bec92371b5a74db2e') in 0.007968 seconds 
  Import took 0.013920 seconds .

========================================================================
Received Import Request.
  Time since last request: 25.644113 seconds.
  path: Assets/Scenes/Main.unity
  artifactKey: Guid(2e15a2b9b12f4e0408a3dfa62aa13ad0) Importer(815301076,1909f56bfc062723c751e8b465ee728b)
Start importing Assets/Scenes/Main.unity using Guid(2e15a2b9b12f4e0408a3dfa62aa13ad0) Importer(815301076,1909f56bfc062723c751e8b465ee728b)  -> (artifact id: '2b76f7da223d8bf80a2f20080f180a60') in 0.010762 seconds 
  Import took 0.014658 seconds .

========================================================================
Received Import Request.
  Time since last request: 23.851935 seconds.
  path: Assets/Scenes/Title.unity
  artifactKey: Guid(e03bd70e9d89b924f960a2964b0ae63e) Importer(815301076,1909f56bfc062723c751e8b465ee728b)
Start importing Assets/Scenes/Title.unity using Guid(e03bd70e9d89b924f960a2964b0ae63e) Importer(815301076,1909f56bfc062723c751e8b465ee728b)  -> (artifact id: 'f74a39ce1ac5d4a2aa1e48e2b39b7618') in 0.007922 seconds 
  Import took 0.011478 seconds .

========================================================================
Received Import Request.
  Time since last request: 627.988320 seconds.
  path: Assets/Scripts/StartGame.cs
  artifactKey: Guid(a2d27a31a5b3e6e46b163e7fab6ee238) Importer(815301076,1909f56bfc062723c751e8b465ee728b)
Start importing Assets/Scripts/StartGame.cs using Guid(a2d27a31a5b3e6e46b163e7fab6ee238) Importer(815301076,1909f56bfc062723c751e8b465ee728b)  -> (artifact id: 'b3e6c431fc1d3201acf88902a610525c') in 0.015254 seconds 
  Import took 0.019093 seconds .

========================================================================
Received Prepare
Registering precompiled user dll's ...
Registered in 0.005855 seconds.
Begin MonoManager ReloadAssembly
Native extension for WindowsStandalone target not found
Native extension for WebGL target not found
Refreshing native plugins compatible for Editor in 0.43 ms, found 2 plugins.
Preloading 0 native plugins for Editor in 0.00 ms.
Mono: successfully reloaded assembly
- Completed reload, in  1.224 seconds
Domain Reload Profiling:
	ReloadAssembly (1225ms)
		BeginReloadAssembly (131ms)
			ExecutionOrderSort (0ms)
			DisableScriptedObjects (5ms)
			BackupInstance (0ms)
			ReleaseScriptingObjects (0ms)
			CreateAndSetChildDomain (39ms)
		EndReloadAssembly (1015ms)
			LoadAssemblies (127ms)
			RebuildTransferFunctionScriptingTraits (0ms)
			SetupTypeCache (372ms)
			ReleaseScriptCaches (1ms)
			RebuildScriptCaches (48ms)
			SetupLoadedEditorAssemblies (349ms)
				LogAssemblyErrors (0ms)
				InitializePlatformSupportModulesInManaged (7ms)
				SetLoadedEditorAssemblies (1ms)
				RefreshPlugins (0ms)
				BeforeProcessingInitializeOnLoad (90ms)
				ProcessInitializeOnLoadAttributes (232ms)
				ProcessInitializeOnLoadMethodAttributes (10ms)
				AfterProcessingInitializeOnLoad (8ms)
				EditorAssembliesLoaded (0ms)
			ExecutionOrderSort2 (0ms)
			AwakeInstancesAfterBackupRestoration (8ms)
Platform modules already initialized, skipping
Refreshing native plugins compatible for Editor in 0.41 ms, found 2 plugins.
Preloading 0 native plugins for Editor in 0.00 ms.
Unloading 1505 Unused Serialized files (Serialized files now loaded: 0)
System memory in use before: 74.6 MB.
System memory in use after: 74.7 MB.

Unloading 14 unused Assets to reduce memory usage. Loaded Objects now: 2011.
Total: 3.244400 ms (FindLiveObjects: 0.156500 ms CreateObjectMapping: 0.097800 ms MarkObjects: 2.971800 ms  DeleteObjects: 0.016700 ms)

AssetImportParameters requested are different than current active one (requested -> active):
  custom:framework-win-MediaFoundation: 216162199b28c13a410421893ffa2e32 -> 
  custom:video-decoder-ogg-theora: a1e56fd34408186e4bbccfd4996cb3dc -> 
  custom:container-muxer-webm: aa71ff27fc2769a1b78a27578f13a17b -> 
  custom:container-demuxer-webm: 4f35f7cbe854078d1ac9338744f61a02 -> 
  custom:container-demuxer-ogg: 62fdf1f143b41e24485cea50d1cbac27 -> 
  custom:video-encoder-webm-vp8: eb34c28f22e8b96e1ab97ce403110664 -> 
  custom:video-decoder-webm-vp8: 9c59270c3fd7afecdb556c50c9e8de78 -> 
  custom:audio-decoder-ogg-vorbis: bf7c407c2cedff20999df2af8eb42d56 -> 
  custom:audio-encoder-webm-vorbis: bf7c407c2cedff20999df2af8eb42d56 -> 
========================================================================
Received Prepare
Registering precompiled user dll's ...
Registered in 0.005543 seconds.
Begin MonoManager ReloadAssembly
Native extension for WindowsStandalone target not found
Native extension for WebGL target not found
Refreshing native plugins compatible for Editor in 0.41 ms, found 2 plugins.
Preloading 0 native plugins for Editor in 0.00 ms.
Mono: successfully reloaded assembly
- Completed reload, in  1.194 seconds
Domain Reload Profiling:
	ReloadAssembly (1194ms)
		BeginReloadAssembly (122ms)
			ExecutionOrderSort (0ms)
			DisableScriptedObjects (6ms)
			BackupInstance (0ms)
			ReleaseScriptingObjects (0ms)
			CreateAndSetChildDomain (36ms)
		EndReloadAssembly (991ms)
			LoadAssemblies (107ms)
			RebuildTransferFunctionScriptingTraits (0ms)
			SetupTypeCache (359ms)
			ReleaseScriptCaches (1ms)
			RebuildScriptCaches (48ms)
			SetupLoadedEditorAssemblies (359ms)
				LogAssemblyErrors (0ms)
				InitializePlatformSupportModulesInManaged (7ms)
				SetLoadedEditorAssemblies (1ms)
				RefreshPlugins (0ms)
				BeforeProcessingInitializeOnLoad (95ms)
				ProcessInitializeOnLoadAttributes (237ms)
				ProcessInitializeOnLoadMethodAttributes (10ms)
				AfterProcessingInitializeOnLoad (8ms)
				EditorAssembliesLoaded (0ms)
			ExecutionOrderSort2 (0ms)
			AwakeInstancesAfterBackupRestoration (9ms)
Platform modules already initialized, skipping
Refreshing native plugins compatible for Editor in 0.42 ms, found 2 plugins.
Preloading 0 native plugins for Editor in 0.00 ms.
Unloading 1505 Unused Serialized files (Serialized files now loaded: 0)
System memory in use before: 74.7 MB.
System memory in use after: 74.8 MB.

Unloading 14 unused Assets to reduce memory usage. Loaded Objects now: 2013.
Total: 3.098400 ms (FindLiveObjects: 0.160600 ms CreateObjectMapping: 0.098600 ms MarkObjects: 2.812700 ms  DeleteObjects: 0.025500 ms)

AssetImportParameters requested are different than current active one (requested -> active):
  custom:framework-win-MediaFoundation: 216162199b28c13a410421893ffa2e32 -> 
  custom:video-decoder-ogg-theora: a1e56fd34408186e4bbccfd4996cb3dc -> 
  custom:container-muxer-webm: aa71ff27fc2769a1b78a27578f13a17b -> 
  custom:container-demuxer-webm: 4f35f7cbe854078d1ac9338744f61a02 -> 
  custom:container-demuxer-ogg: 62fdf1f143b41e24485cea50d1cbac27 -> 
  custom:video-encoder-webm-vp8: eb34c28f22e8b96e1ab97ce403110664 -> 
  custom:video-decoder-webm-vp8: 9c59270c3fd7afecdb556c50c9e8de78 -> 
  custom:audio-decoder-ogg-vorbis: bf7c407c2cedff20999df2af8eb42d56 -> 
  custom:audio-encoder-webm-vorbis: bf7c407c2cedff20999df2af8eb42d56 -> 
========================================================================
Received Import Request.
  Time since last request: 82.754946 seconds.
  path: Assets/Scripts/StartGame.cs
  artifactKey: Guid(a2d27a31a5b3e6e46b163e7fab6ee238) Importer(815301076,1909f56bfc062723c751e8b465ee728b)
Start importing Assets/Scripts/StartGame.cs using Guid(a2d27a31a5b3e6e46b163e7fab6ee238) Importer(815301076,1909f56bfc062723c751e8b465ee728b)  -> (artifact id: '9e7c2429a0674db9718ebcef64b9845d') in 0.005343 seconds 
  Import took 0.010592 seconds .

AssetImportWorkerClient::OnTransportError - code=2 error=End of file
